
  [32m[1mVITE[22m v5.4.21[39m  [2mready in [0m[1m2421[22m[2m[0m ms[22m

  [32m鉃?[39m  [1mLocal[22m:   [36mhttp://localhost:[1m5173[22m/[39m
  [32m鉃?[39m  [1mNetwork[22m: [36mhttp://192.168.1.4:[1m5173[22m/[39m
[2m12:55:49[22m [36m[1m[vite][22m[39m [32mhmr update [39m[2m/src/pages/DailyBriefing.jsx[22m
[2m12:55:49[22m [36m[1m[vite][22m[39m [32mhmr update [39m[2m/src/pages/GovGraph.jsx[22m
[2m12:55:49[22m [36m[1m[vite][22m[39m [32mhmr update [39m[2m/src/pages/LeadPool.jsx[22m
[2m12:55:49[22m [36m[1m[vite][22m[39m [32mhmr update [39m[2m/src/pages/Dashboard.jsx[22m
[2m12:55:49[22m [36m[1m[vite][22m[39m [32mhmr update [39m[2m/src/pages/BidRadar.jsx[22m
[2m12:55:49[22m [36m[1m[vite][22m[39m [32mhmr update [39m[2m/src/pages/PolicyRadar.jsx[22m
[2m13:04:44[22m [36m[1m[vite][22m[39m [32mhmr update [39m[2m/src/pages/DailyBriefing.jsx[22m
[2m13:04:53[22m [36m[1m[vite][22m[39m [32mhmr update [39m[2m/src/pages/DailyBriefing.jsx[22m
[2m13:05:44[22m [36m[1m[vite][22m[39m [32mhmr update [39m[2m/src/App.jsx[22m
[2m13:11:28[22m [36m[1m[vite][22m[39m [32mhmr update [39m[2m/src/pages/DailyBriefing.jsx[22m
[2m13:11:37[22m [36m[1m[vite][22m[39m [32mhmr update [39m[2m/src/pages/DailyBriefing.jsx[22m
[2m13:11:41[22m [36m[1m[vite][22m[39m [32mhmr update [39m[2m/src/pages/LeadPool.jsx[22m
[2m13:11:45[22m [36m[1m[vite][22m[39m [32mhmr update [39m[2m/src/pages/LeadPool.jsx[22m
[2m13:11:49[22m [36m[1m[vite][22m[39m [32mhmr update [39m[2m/src/pages/LeadPool.jsx[22m
[2m13:18:37[22m [36m[1m[vite][22m[39m [32mhmr update [39m[2m/src/pages/LeadPool.jsx, /src/pages/BidRadar.jsx, /src/pages/Dashboard.jsx, /src/pages/PolicyRadar.jsx, /src/pages/GovGraph.jsx, /src/pages/MarketingCalendar.jsx, /src/pages/DailyBriefing.jsx[22m
[2m13:21:29[22m [36m[1m[vite][22m[39m [32mhmr update [39m[2m/src/pages/LeadPool.jsx, /src/pages/BidRadar.jsx, /src/pages/Dashboard.jsx, /src/pages/PolicyRadar.jsx, /src/pages/GovGraph.jsx, /src/pages/MarketingCalendar.jsx, /src/pages/DailyBriefing.jsx[22m
[2m13:21:29[22m [36m[1m[vite][22m[39m [32mhmr update [39m[2m/src/pages/DailyBriefing.jsx[22m
[2m13:21:29[22m [36m[1m[vite][22m[39m [32mhmr update [39m[2m/src/App.jsx[22m
[2m13:21:29[22m [36m[1m[vite][22m[39m [32mhmr update [39m[2m/src/pages/LeadPool.jsx[22m
[2m13:22:02[22m [36m[1m[vite][22m[39m [32mhmr update [39m[2m/src/pages/Dashboard.jsx[22m
[2m13:22:36[22m [36m[1m[vite][22m[39m [32mhmr update [39m[2m/src/pages/DailyBriefing.jsx[22m
[2m13:23:02[22m [36m[1m[vite][22m[39m [32mhmr update [39m[2m/src/pages/DailyBriefing.jsx[22m
node : [2m13:23:02[22m [31m[1m[vite][22m[39m [31mInterna
l server error: C:\zhiying\frontend\src\pages\DailyBriefing.jsx
: Identifier 'url' has already been declared. (165:8)
    + CategoryInfo          : NotSpecified: ([2m13:23:02[2.. 
   .clared. (165:8):String) [], RemoteException
    + FullyQualifiedErrorId : NativeCommandError
 

[0m [90m 163 |[31m   [36mconst[31m blob [33m=[31m [36mn
ew[31m [33mBlob[31m([[32m'\ufeff'[31m[33m,[31m html][33
m,[31m { type[33m:[31m [32m'application/msword'[31m })
 [90m 164 |[31m   [36mconst[31m url [33m=[31m [33mURL[3
1m[33m.[31mcreateObjectURL(blob)
[31m[1m>[22m[31m[90m 165 |[31m   [36mconst[31m url [33
m=[31m [33mURL[31m[33m.[31mcreateObjectURL(blob)
 [90m     |[31m         [31m[1m^[22m[31m
 [90m 166 |[31m   [36mconst[31m a [33m=[31m document[33m
.[31mcreateElement([32m'a'[31m)
 [90m 167 |[31m   a[33m.[31mhref [33m=[31m url[33m;[31m
 a[33m.[31mdownload [33m=[31m [32m`鏅洪拱鍟嗘満鏃ユ姤_${briefing.da
te}.doc`[31m
 [90m 168 |[31m   document[33m.[31mbody[33m.[31mappendChi
ld(a)[33m;[31m a[33m.[31mclick()[0m[39m
  Plugin: [35mvite:react-babel[39m
  File: [36mC:/zhiying/frontend/src/pages/DailyBriefing.jsx[3
9m:165:8
[33m  166|    const a = document.createElement('a')
  167|    a.href = url; a.download = `鏅洪拱鍟嗘満鏃ユ姤_${briefing.date
}.doc`
  168|    document.body.appendChild(a); a.click()
     |                                   ^
  169|    document.body.removeChild(a); URL.revokeObjectURL(url
)
  170|    message.success(`宸插鍑篧ord鏂囦欢锛氭櫤楣板晢鏈烘棩鎶${briefing.dat
e}.doc`)[39m
      at constructor (C:\zhiying\frontend\node_modules\.pnpm\@b
abel+parser@7.29.2\node_modules\@babel\parser\lib\index.js:365:
19)
      at JSXParserMixin.raise (C:\zhiying\frontend\node_modules
\.pnpm\@babel+parser@7.29.2\node_modules\@babel\parser\lib\inde
x.js:6599:19)
      at ScopeHandler.checkRedeclarationInScope (C:\zhiying\fro
ntend\node_modules\.pnpm\@babel+parser@7.29.2\node_modules\@bab
el\parser\lib\index.js:1619:19)
      at ScopeHandler.declareName (C:\zhiying\frontend\node_mod
ules\.pnpm\@babel+parser@7.29.2\node_modules\@babel\parser\lib\
index.js:1585:12)
      at JSXParserMixin.declareNameFromIdentifier (C:\zhiying\f
rontend\node_modules\.pnpm\@babel+parser@7.29.2\node_modules\@b
abel\parser\lib\index.js:7567:16)
      at JSXParserMixin.checkIdentifier (C:\zhiying\frontend\no
de_modules\.pnpm\@babel+parser@7.29.2\node_modules\@babel\parse
r\lib\index.js:7563:12)
      at JSXParserMixin.checkLVal (C:\zhiying\frontend\node_mod
ules\.pnpm\@babel+parser@7.29.2\node_modules\@babel\parser\lib\
index.js:7500:12)
      at JSXParserMixin.parseVarId (C:\zhiying\frontend\node_mo
dules\.pnpm\@babel+parser@7.29.2\node_modules\@babel\parser\lib
\index.js:13412:10)
      at JSXParserMixin.parseVar (C:\zhiying\frontend\node_modu
les\.pnpm\@babel+parser@7.29.2\node_modules\@babel\parser\lib\i
ndex.js:13383:12)
      at JSXParserMixin.parseVarStatement (C:\zhiying\frontend\
node_modules\.pnpm\@babel+parser@7.29.2\node_modules\@babel\par
ser\lib\index.js:13230:10)
      at JSXParserMixin.parseStatementContent (C:\zhiying\front
end\node_modules\.pnpm\@babel+parser@7.29.2\node_modules\@babel
\parser\lib\index.js:12851:23)
      at JSXParserMixin.parseStatementLike (C:\zhiying\frontend
\node_modules\.pnpm\@babel+parser@7.29.2\node_modules\@babel\pa
rser\lib\index.js:12767:17)
      at JSXParserMixin.parseStatementListItem (C:\zhiying\fron
tend\node_modules\.pnpm\@babel+parser@7.29.2\node_modules\@babe
l\parser\lib\index.js:12747:17)
      at JSXParserMixin.parseBlockOrModuleBlockBody (C:\zhiying
\frontend\node_modules\.pnpm\@babel+parser@7.29.2\node_modules\
@babel\parser\lib\index.js:13316:61)
      at JSXParserMixin.parseBlockBody (C:\zhiying\frontend\nod
e_modules\.pnpm\@babel+parser@7.29.2\node_modules\@babel\parser
\lib\index.js:13309:10)
      at JSXParserMixin.parseBlock (C:\zhiying\frontend\node_mo
dules\.pnpm\@babel+parser@7.29.2\node_modules\@babel\parser\lib
\index.js:13297:10)
      at JSXParserMixin.parseFunctionBody (C:\zhiying\frontend\
node_modules\.pnpm\@babel+parser@7.29.2\node_modules\@babel\par
ser\lib\index.js:12100:24)
      at JSXParserMixin.parseFunctionBodyAndFinish (C:\zhiying\
frontend\node_modules\.pnpm\@babel+parser@7.29.2\node_modules\@
babel\parser\lib\index.js:12086:10)
      at C:\zhiying\frontend\node_modules\.pnpm\@babel+parser@7
.29.2\node_modules\@babel\parser\lib\index.js:13445:12
      at JSXParserMixin.withSmartMixTopicForbiddingContext (C:\
zhiying\frontend\node_modules\.pnpm\@babel+parser@7.29.2\node_m
odules\@babel\parser\lib\index.js:12403:14)
      at JSXParserMixin.parseFunction (C:\zhiying\frontend\node
_modules\.pnpm\@babel+parser@7.29.2\node_modules\@babel\parser\
lib\index.js:13444:10)
      at JSXParserMixin.parseFunctionStatement (C:\zhiying\fron
tend\node_modules\.pnpm\@babel+parser@7.29.2\node_modules\@babe
l\parser\lib\index.js:13125:17)
      at JSXParserMixin.parseStatementContent (C:\zhiying\front
end\node_modules\.pnpm\@babel+parser@7.29.2\node_modules\@babel
\parser\lib\index.js:12791:21)
      at JSXParserMixin.parseStatementLike (C:\zhiying\frontend
\node_modules\.pnpm\@babel+parser@7.29.2\node_modules\@babel\pa
rser\lib\index.js:12767:17)
      at JSXParserMixin.parseModuleItem (C:\zhiying\frontend\no
de_modules\.pnpm\@babel+parser@7.29.2\node_modules\@babel\parse
r\lib\index.js:12744:17)
      at JSXParserMixin.parseBlockOrModuleBlockBody (C:\zhiying
\frontend\node_modules\.pnpm\@babel+parser@7.29.2\node_modules\
@babel\parser\lib\index.js:13316:36)
      at JSXParserMixin.parseBlockBody (C:\zhiying\frontend\nod
e_modules\.pnpm\@babel+parser@7.29.2\node_modules\@babel\parser
\lib\index.js:13309:10)
      at JSXParserMixin.parseProgram (C:\zhiying\frontend\node_
modules\.pnpm\@babel+parser@7.29.2\node_modules\@babel\parser\l
ib\index.js:12622:10)
      at JSXParserMixin.parseTopLevel (C:\zhiying\frontend\node
_modules\.pnpm\@babel+parser@7.29.2\node_modules\@babel\parser\
lib\index.js:12612:25)
      at JSXParserMixin.parse (C:\zhiying\frontend\node_modules
\.pnpm\@babel+parser@7.29.2\node_modules\@babel\parser\lib\inde
x.js:14488:25)
      at parse (C:\zhiying\frontend\node_modules\.pnpm\@babel+p
arser@7.29.2\node_modules\@babel\parser\lib\index.js:14522:38)
      at parser (C:\zhiying\frontend\node_modules\.pnpm\@babel+
core@7.29.0\node_modules\@babel\core\lib\parser\index.js:41:34)
      at parser.next (<anonymous>)
      at normalizeFile (C:\zhiying\frontend\node_modules\.pnpm\
@babel+core@7.29.0\node_modules\@babel\core\lib\transformation\
normalize-file.js:64:37)
      at normalizeFile.next (<anonymous>)
      at run (C:\zhiying\frontend\node_modules\.pnpm\@babel+cor
e@7.29.0\node_modules\@babel\core\lib\transformation\index.js:2
2:50)
      at run.next (<anonymous>)
      at transform (C:\zhiying\frontend\node_modules\.pnpm\@bab
el+core@7.29.0\node_modules\@babel\core\lib\transform.js:22:33)
      at transform.next (<anonymous>)
      at step (C:\zhiying\frontend\node_modules\.pnpm\gensync@1
.0.0-beta.2\node_modules\gensync\index.js:261:32)
      at C:\zhiying\frontend\node_modules\.pnpm\gensync@1.0.0-b
eta.2\node_modules\gensync\index.js:273:13
      at async.call.result.err.err (C:\zhiying\frontend\node_mo
dules\.pnpm\gensync@1.0.0-beta.2\node_modules\gensync\index.js:
223:11)
      at C:\zhiying\frontend\node_modules\.pnpm\gensync@1.0.0-b
eta.2\node_modules\gensync\index.js:189:28
      at C:\zhiying\frontend\node_modules\.pnpm\@babel+core@7.2
9.0\node_modules\@babel\core\lib\gensync-utils\async.js:67:7
      at C:\zhiying\frontend\node_modules\.pnpm\gensync@1.0.0-b
eta.2\node_modules\gensync\index.js:113:33
      at step (C:\zhiying\frontend\node_modules\.pnpm\gensync@1
.0.0-beta.2\node_modules\gensync\index.js:287:14)
      at C:\zhiying\frontend\node_modules\.pnpm\gensync@1.0.0-b
eta.2\node_modules\gensync\index.js:273:13
      at async.call.result.err.err (C:\zhiying\frontend\node_mo
dules\.pnpm\gensync@1.0.0-beta.2\node_modules\gensync\index.js:
223:11)
[2m13:23:17[22m [36m[1m[vite][22m[39m [32mhmr update [39m[2m/src/pages/Dashboard.jsx[22m
[2m13:23:22[22m [36m[1m[vite][22m[39m [32mhmr update [39m[2m/src/pages/Dashboard.jsx[22m
[2m13:24:49[22m [36m[1m[vite][22m[39m [32mhmr update [39m[2m/src/pages/DailyBriefing.jsx[22m
[2m13:24:49[22m [36m[1m[vite][22m[39m [32mhmr update [39m[2m/src/pages/Dashboard.jsx[22m
[2m13:24:49[22m [31m[1m[vite][22m[39m [31mInternal serve
r error: C:\zhiying\frontend\src\pages\DailyBriefing.jsx: Ident
ifier 'url' has already been declared. (165:8)

[0m [90m 163 |[31m   [36mconst[31m blob [33m=[31m [36mn
ew[31m [33mBlob[31m([[32m'\ufeff'[31m[33m,[31m html][33
m,[31m { type[33m:[31m [32m'application/msword'[31m })
 [90m 164 |[31m   [36mconst[31m url [33m=[31m [33mURL[3
1m[33m.[31mcreateObjectURL(blob)
[31m[1m>[22m[31m[90m 165 |[31m   [36mconst[31m url [33
m=[31m [33mURL[31m[33m.[31mcreateObjectURL(blob)
 [90m     |[31m         [31m[1m^[22m[31m
 [90m 166 |[31m   [36mconst[31m a [33m=[31m document[33m
.[31mcreateElement([32m'a'[31m)
 [90m 167 |[31m   a[33m.[31mhref [33m=[31m url[33m;[31m
 a[33m.[31mdownload [33m=[31m [32m`鏅洪拱鍟嗘満鏃ユ姤_${briefing.da
te}.doc`[31m
 [90m 168 |[31m   document[33m.[31mbody[33m.[31mappendChi
ld(a)[33m;[31m a[33m.[31mclick()[0m[39m
  Plugin: [35mvite:react-babel[39m
  File: [36mC:/zhiying/frontend/src/pages/DailyBriefing.jsx[3
9m:165:8
[33m  166|    const a = document.createElement('a')
  167|    a.href = url; a.download = `鏅洪拱鍟嗘満鏃ユ姤_${briefing.date
}.doc`
  168|    document.body.appendChild(a); a.click()
     |                                   ^
  169|    document.body.removeChild(a); URL.revokeObjectURL(url
)
  170|    message.success(`宸插鍑篧ord鏂囦欢锛氭櫤楣板晢鏈烘棩鎶${briefing.dat
e}.doc`)[39m
      at constructor (C:\zhiying\frontend\node_modules\.pnpm\@b
abel+parser@7.29.2\node_modules\@babel\parser\lib\index.js:365:
19)
      at JSXParserMixin.raise (C:\zhiying\frontend\node_modules
\.pnpm\@babel+parser@7.29.2\node_modules\@babel\parser\lib\inde
x.js:6599:19)
      at ScopeHandler.checkRedeclarationInScope (C:\zhiying\fro
ntend\node_modules\.pnpm\@babel+parser@7.29.2\node_modules\@bab
el\parser\lib\index.js:1619:19)
      at ScopeHandler.declareName (C:\zhiying\frontend\node_mod
ules\.pnpm\@babel+parser@7.29.2\node_modules\@babel\parser\lib\
index.js:1585:12)
      at JSXParserMixin.declareNameFromIdentifier (C:\zhiying\f
rontend\node_modules\.pnpm\@babel+parser@7.29.2\node_modules\@b
abel\parser\lib\index.js:7567:16)
      at JSXParserMixin.checkIdentifier (C:\zhiying\frontend\no
de_modules\.pnpm\@babel+parser@7.29.2\node_modules\@babel\parse
r\lib\index.js:7563:12)
      at JSXParserMixin.checkLVal (C:\zhiying\frontend\node_mod
ules\.pnpm\@babel+parser@7.29.2\node_modules\@babel\parser\lib\
index.js:7500:12)
      at JSXParserMixin.parseVarId (C:\zhiying\frontend\node_mo
dules\.pnpm\@babel+parser@7.29.2\node_modules\@babel\parser\lib
\index.js:13412:10)
      at JSXParserMixin.parseVar (C:\zhiying\frontend\node_modu
les\.pnpm\@babel+parser@7.29.2\node_modules\@babel\parser\lib\i
ndex.js:13383:12)
      at JSXParserMixin.parseVarStatement (C:\zhiying\frontend\
node_modules\.pnpm\@babel+parser@7.29.2\node_modules\@babel\par
ser\lib\index.js:13230:10)
      at JSXParserMixin.parseStatementContent (C:\zhiying\front
end\node_modules\.pnpm\@babel+parser@7.29.2\node_modules\@babel
\parser\lib\index.js:12851:23)
      at JSXParserMixin.parseStatementLike (C:\zhiying\frontend
\node_modules\.pnpm\@babel+parser@7.29.2\node_modules\@babel\pa
rser\lib\index.js:12767:17)
      at JSXParserMixin.parseStatementListItem (C:\zhiying\fron
tend\node_modules\.pnpm\@babel+parser@7.29.2\node_modules\@babe
l\parser\lib\index.js:12747:17)
      at JSXParserMixin.parseBlockOrModuleBlockBody (C:\zhiying
\frontend\node_modules\.pnpm\@babel+parser@7.29.2\node_modules\
@babel\parser\lib\index.js:13316:61)
      at JSXParserMixin.parseBlockBody (C:\zhiying\frontend\nod
e_modules\.pnpm\@babel+parser@7.29.2\node_modules\@babel\parser
\lib\index.js:13309:10)
      at JSXParserMixin.parseBlock (C:\zhiying\frontend\node_mo
dules\.pnpm\@babel+parser@7.29.2\node_modules\@babel\parser\lib
\index.js:13297:10)
      at JSXParserMixin.parseFunctionBody (C:\zhiying\frontend\
node_modules\.pnpm\@babel+parser@7.29.2\node_modules\@babel\par
ser\lib\index.js:12100:24)
      at JSXParserMixin.parseFunctionBodyAndFinish (C:\zhiying\
frontend\node_modules\.pnpm\@babel+parser@7.29.2\node_modules\@
babel\parser\lib\index.js:12086:10)
      at C:\zhiying\frontend\node_modules\.pnpm\@babel+parser@7
.29.2\node_modules\@babel\parser\lib\index.js:13445:12
      at JSXParserMixin.withSmartMixTopicForbiddingContext (C:\
zhiying\frontend\node_modules\.pnpm\@babel+parser@7.29.2\node_m
odules\@babel\parser\lib\index.js:12403:14)
      at JSXParserMixin.parseFunction (C:\zhiying\frontend\node
_modules\.pnpm\@babel+parser@7.29.2\node_modules\@babel\parser\
lib\index.js:13444:10)
      at JSXParserMixin.parseFunctionStatement (C:\zhiying\fron
tend\node_modules\.pnpm\@babel+parser@7.29.2\node_modules\@babe
l\parser\lib\index.js:13125:17)
      at JSXParserMixin.parseStatementContent (C:\zhiying\front
end\node_modules\.pnpm\@babel+parser@7.29.2\node_modules\@babel
\parser\lib\index.js:12791:21)
      at JSXParserMixin.parseStatementLike (C:\zhiying\frontend
\node_modules\.pnpm\@babel+parser@7.29.2\node_modules\@babel\pa
rser\lib\index.js:12767:17)
      at JSXParserMixin.parseModuleItem (C:\zhiying\frontend\no
de_modules\.pnpm\@babel+parser@7.29.2\node_modules\@babel\parse
r\lib\index.js:12744:17)
      at JSXParserMixin.parseBlockOrModuleBlockBody (C:\zhiying
\frontend\node_modules\.pnpm\@babel+parser@7.29.2\node_modules\
@babel\parser\lib\index.js:13316:36)
      at JSXParserMixin.parseBlockBody (C:\zhiying\frontend\nod
e_modules\.pnpm\@babel+parser@7.29.2\node_modules\@babel\parser
\lib\index.js:13309:10)
      at JSXParserMixin.parseProgram (C:\zhiying\frontend\node_
modules\.pnpm\@babel+parser@7.29.2\node_modules\@babel\parser\l
ib\index.js:12622:10)
      at JSXParserMixin.parseTopLevel (C:\zhiying\frontend\node
_modules\.pnpm\@babel+parser@7.29.2\node_modules\@babel\parser\
lib\index.js:12612:25)
      at JSXParserMixin.parse (C:\zhiying\frontend\node_modules
\.pnpm\@babel+parser@7.29.2\node_modules\@babel\parser\lib\inde
x.js:14488:25)
      at parse (C:\zhiying\frontend\node_modules\.pnpm\@babel+p
arser@7.29.2\node_modules\@babel\parser\lib\index.js:14522:38)
      at parser (C:\zhiying\frontend\node_modules\.pnpm\@babel+
core@7.29.0\node_modules\@babel\core\lib\parser\index.js:41:34)
      at parser.next (<anonymous>)
      at normalizeFile (C:\zhiying\frontend\node_modules\.pnpm\
@babel+core@7.29.0\node_modules\@babel\core\lib\transformation\
normalize-file.js:64:37)
      at normalizeFile.next (<anonymous>)
      at run (C:\zhiying\frontend\node_modules\.pnpm\@babel+cor
e@7.29.0\node_modules\@babel\core\lib\transformation\index.js:2
2:50)
      at run.next (<anonymous>)
      at transform (C:\zhiying\frontend\node_modules\.pnpm\@bab
el+core@7.29.0\node_modules\@babel\core\lib\transform.js:22:33)
      at transform.next (<anonymous>)
      at step (C:\zhiying\frontend\node_modules\.pnpm\gensync@1
.0.0-beta.2\node_modules\gensync\index.js:261:32)
      at C:\zhiying\frontend\node_modules\.pnpm\gensync@1.0.0-b
eta.2\node_modules\gensync\index.js:273:13
      at async.call.result.err.err (C:\zhiying\frontend\node_mo
dules\.pnpm\gensync@1.0.0-beta.2\node_modules\gensync\index.js:
223:11)
      at C:\zhiying\frontend\node_modules\.pnpm\gensync@1.0.0-b
eta.2\node_modules\gensync\index.js:189:28
      at C:\zhiying\frontend\node_modules\.pnpm\@babel+core@7.2
9.0\node_modules\@babel\core\lib\gensync-utils\async.js:67:7
      at C:\zhiying\frontend\node_modules\.pnpm\gensync@1.0.0-b
eta.2\node_modules\gensync\index.js:113:33
      at step (C:\zhiying\frontend\node_modules\.pnpm\gensync@1
.0.0-beta.2\node_modules\gensync\index.js:287:14)
      at C:\zhiying\frontend\node_modules\.pnpm\gensync@1.0.0-b
eta.2\node_modules\gensync\index.js:273:13
      at async.call.result.err.err (C:\zhiying\frontend\node_mo
dules\.pnpm\gensync@1.0.0-beta.2\node_modules\gensync\index.js:
223:11)
